{"total": {"lines":{"total":992,"covered":211,"skipped":0,"pct":21.27},"statements":{"total":992,"covered":211,"skipped":0,"pct":21.27},"functions":{"total":35,"covered":9,"skipped":0,"pct":25.71},"branches":{"total":50,"covered":37,"skipped":0,"pct":74},"branchesTrue":{"total":0,"covered":0,"skipped":0,"pct":100}}
,"C:\\Users\\USER\\OneDrive\\Desktop\\In-class-work\\software-testing\\software-testing-mini-shop\\client\\App.jsx": {"lines":{"total":21,"covered":0,"skipped":0,"pct":0},"functions":{"total":1,"covered":0,"skipped":0,"pct":0},"statements":{"total":21,"covered":0,"skipped":0,"pct":0},"branches":{"total":1,"covered":0,"skipped":0,"pct":0}}
,"C:\\Users\\USER\\OneDrive\\Desktop\\In-class-work\\software-testing\\software-testing-mini-shop\\client\\components\\Navbar.jsx": {"lines":{"total":36,"covered":0,"skipped":0,"pct":0},"functions":{"total":1,"covered":0,"skipped":0,"pct":0},"statements":{"total":36,"covered":0,"skipped":0,"pct":0},"branches":{"total":1,"covered":0,"skipped":0,"pct":0}}
,"C:\\Users\\USER\\OneDrive\\Desktop\\In-class-work\\software-testing\\software-testing-mini-shop\\client\\lib\\AuthContext.jsx": {"lines":{"total":12,"covered":0,"skipped":0,"pct":0},"functions":{"total":1,"covered":0,"skipped":0,"pct":0},"statements":{"total":12,"covered":0,"skipped":0,"pct":0},"branches":{"total":1,"covered":0,"skipped":0,"pct":0}}
,"C:\\Users\\USER\\OneDrive\\Desktop\\In-class-work\\software-testing\\software-testing-mini-shop\\client\\lib\\api.js": {"lines":{"total":48,"covered":0,"skipped":0,"pct":0},"functions":{"total":1,"covered":0,"skipped":0,"pct":0},"statements":{"total":48,"covered":0,"skipped":0,"pct":0},"branches":{"total":1,"covered":0,"skipped":0,"pct":0}}
,"C:\\Users\\USER\\OneDrive\\Desktop\\In-class-work\\software-testing\\software-testing-mini-shop\\client\\pages\\CreateOrder.jsx": {"lines":{"total":112,"covered":0,"skipped":0,"pct":0},"functions":{"total":1,"covered":0,"skipped":0,"pct":0},"statements":{"total":112,"covered":0,"skipped":0,"pct":0},"branches":{"total":1,"covered":0,"skipped":0,"pct":0}}
,"C:\\Users\\USER\\OneDrive\\Desktop\\In-class-work\\software-testing\\software-testing-mini-shop\\client\\pages\\Login.jsx": {"lines":{"total":62,"covered":0,"skipped":0,"pct":0},"functions":{"total":1,"covered":0,"skipped":0,"pct":0},"statements":{"total":62,"covered":0,"skipped":0,"pct":0},"branches":{"total":1,"covered":0,"skipped":0,"pct":0}}
,"C:\\Users\\USER\\OneDrive\\Desktop\\In-class-work\\software-testing\\software-testing-mini-shop\\client\\pages\\ProductDetail.jsx": {"lines":{"total":89,"covered":0,"skipped":0,"pct":0},"functions":{"total":1,"covered":0,"skipped":0,"pct":0},"statements":{"total":89,"covered":0,"skipped":0,"pct":0},"branches":{"total":1,"covered":0,"skipped":0,"pct":0}}
,"C:\\Users\\USER\\OneDrive\\Desktop\\In-class-work\\software-testing\\software-testing-mini-shop\\client\\pages\\Products.jsx": {"lines":{"total":46,"covered":0,"skipped":0,"pct":0},"functions":{"total":1,"covered":0,"skipped":0,"pct":0},"statements":{"total":46,"covered":0,"skipped":0,"pct":0},"branches":{"total":1,"covered":0,"skipped":0,"pct":0}}
,"C:\\Users\\USER\\OneDrive\\Desktop\\In-class-work\\software-testing\\software-testing-mini-shop\\client\\pages\\Profile.jsx": {"lines":{"total":68,"covered":0,"skipped":0,"pct":0},"functions":{"total":1,"covered":0,"skipped":0,"pct":0},"statements":{"total":68,"covered":0,"skipped":0,"pct":0},"branches":{"total":1,"covered":0,"skipped":0,"pct":0}}
,"C:\\Users\\USER\\OneDrive\\Desktop\\In-class-work\\software-testing\\software-testing-mini-shop\\client\\pages\\Register.jsx": {"lines":{"total":87,"covered":0,"skipped":0,"pct":0},"functions":{"total":1,"covered":0,"skipped":0,"pct":0},"statements":{"total":87,"covered":0,"skipped":0,"pct":0},"branches":{"total":1,"covered":0,"skipped":0,"pct":0}}
,"C:\\Users\\USER\\OneDrive\\Desktop\\In-class-work\\software-testing\\software-testing-mini-shop\\src\\app.js": {"lines":{"total":20,"covered":19,"skipped":0,"pct":95},"functions":{"total":0,"covered":0,"skipped":0,"pct":100},"statements":{"total":20,"covered":19,"skipped":0,"pct":95},"branches":{"total":0,"covered":0,"skipped":0,"pct":100}}
,"C:\\Users\\USER\\OneDrive\\Desktop\\In-class-work\\software-testing\\software-testing-mini-shop\\src\\repositories\\productRepository.js": {"lines":{"total":13,"covered":0,"skipped":0,"pct":0},"functions":{"total":1,"covered":0,"skipped":0,"pct":0},"statements":{"total":13,"covered":0,"skipped":0,"pct":0},"branches":{"total":1,"covered":0,"skipped":0,"pct":0}}
,"C:\\Users\\USER\\OneDrive\\Desktop\\In-class-work\\software-testing\\software-testing-mini-shop\\src\\repositories\\userRepository.js": {"lines":{"total":16,"covered":12,"skipped":0,"pct":75},"functions":{"total":4,"covered":0,"skipped":0,"pct":0},"statements":{"total":16,"covered":12,"skipped":0,"pct":75},"branches":{"total":0,"covered":0,"skipped":0,"pct":100}}
,"C:\\Users\\USER\\OneDrive\\Desktop\\In-class-work\\software-testing\\software-testing-mini-shop\\src\\routes\\auth.js": {"lines":{"total":17,"covered":8,"skipped":0,"pct":47.05},"functions":{"total":0,"covered":0,"skipped":0,"pct":100},"statements":{"total":17,"covered":8,"skipped":0,"pct":47.05},"branches":{"total":0,"covered":0,"skipped":0,"pct":100}}
,"C:\\Users\\USER\\OneDrive\\Desktop\\In-class-work\\software-testing\\software-testing-mini-shop\\src\\routes\\orders.js": {"lines":{"total":17,"covered":8,"skipped":0,"pct":47.05},"functions":{"total":0,"covered":0,"skipped":0,"pct":100},"statements":{"total":17,"covered":8,"skipped":0,"pct":47.05},"branches":{"total":0,"covered":0,"skipped":0,"pct":100}}
,"C:\\Users\\USER\\OneDrive\\Desktop\\In-class-work\\software-testing\\software-testing-mini-shop\\src\\routes\\products.js": {"lines":{"total":30,"covered":22,"skipped":0,"pct":73.33},"functions":{"total":0,"covered":0,"skipped":0,"pct":100},"statements":{"total":30,"covered":22,"skipped":0,"pct":73.33},"branches":{"total":3,"covered":2,"skipped":0,"pct":66.66}}
,"C:\\Users\\USER\\OneDrive\\Desktop\\In-class-work\\software-testing\\software-testing-mini-shop\\src\\routes\\users.js": {"lines":{"total":41,"covered":17,"skipped":0,"pct":41.46},"functions":{"total":0,"covered":0,"skipped":0,"pct":100},"statements":{"total":41,"covered":17,"skipped":0,"pct":41.46},"branches":{"total":0,"covered":0,"skipped":0,"pct":100}}
,"C:\\Users\\USER\\OneDrive\\Desktop\\In-class-work\\software-testing\\software-testing-mini-shop\\src\\services\\addReview.js": {"lines":{"total":30,"covered":30,"skipped":0,"pct":100},"functions":{"total":1,"covered":1,"skipped":0,"pct":100},"statements":{"total":30,"covered":30,"skipped":0,"pct":100},"branches":{"total":14,"covered":13,"skipped":0,"pct":92.85}}
,"C:\\Users\\USER\\OneDrive\\Desktop\\In-class-work\\software-testing\\software-testing-mini-shop\\src\\services\\createOrder.js": {"lines":{"total":38,"covered":5,"skipped":0,"pct":13.15},"functions":{"total":1,"covered":0,"skipped":0,"pct":0},"statements":{"total":38,"covered":5,"skipped":0,"pct":13.15},"branches":{"total":0,"covered":0,"skipped":0,"pct":100}}
,"C:\\Users\\USER\\OneDrive\\Desktop\\In-class-work\\software-testing\\software-testing-mini-shop\\src\\services\\errors.js": {"lines":{"total":7,"covered":7,"skipped":0,"pct":100},"functions":{"total":1,"covered":1,"skipped":0,"pct":100},"statements":{"total":7,"covered":7,"skipped":0,"pct":100},"branches":{"total":1,"covered":1,"skipped":0,"pct":100}}
,"C:\\Users\\USER\\OneDrive\\Desktop\\In-class-work\\software-testing\\software-testing-mini-shop\\src\\services\\getUserDiscount.js": {"lines":{"total":15,"covered":15,"skipped":0,"pct":100},"functions":{"total":1,"covered":1,"skipped":0,"pct":100},"statements":{"total":15,"covered":15,"skipped":0,"pct":100},"branches":{"total":7,"covered":7,"skipped":0,"pct":100}}
,"C:\\Users\\USER\\OneDrive\\Desktop\\In-class-work\\software-testing\\software-testing-mini-shop\\src\\services\\loginUser.js": {"lines":{"total":18,"covered":4,"skipped":0,"pct":22.22},"functions":{"total":1,"covered":0,"skipped":0,"pct":0},"statements":{"total":18,"covered":4,"skipped":0,"pct":22.22},"branches":{"total":0,"covered":0,"skipped":0,"pct":100}}
,"C:\\Users\\USER\\OneDrive\\Desktop\\In-class-work\\software-testing\\software-testing-mini-shop\\src\\services\\registerUser.js": {"lines":{"total":39,"covered":5,"skipped":0,"pct":12.82},"functions":{"total":1,"covered":0,"skipped":0,"pct":0},"statements":{"total":39,"covered":5,"skipped":0,"pct":12.82},"branches":{"total":0,"covered":0,"skipped":0,"pct":100}}
,"C:\\Users\\USER\\OneDrive\\Desktop\\In-class-work\\software-testing\\software-testing-mini-shop\\src\\services\\updateProfile.js": {"lines":{"total":18,"covered":4,"skipped":0,"pct":22.22},"functions":{"total":1,"covered":0,"skipped":0,"pct":0},"statements":{"total":18,"covered":4,"skipped":0,"pct":22.22},"branches":{"total":0,"covered":0,"skipped":0,"pct":100}}
,"C:\\Users\\USER\\OneDrive\\Desktop\\In-class-work\\software-testing\\software-testing-mini-shop\\src\\store\\db.js": {"lines":{"total":66,"covered":36,"skipped":0,"pct":54.54},"functions":{"total":9,"covered":4,"skipped":0,"pct":44.44},"statements":{"total":66,"covered":36,"skipped":0,"pct":54.54},"branches":{"total":6,"covered":6,"skipped":0,"pct":100}}
,"C:\\Users\\USER\\OneDrive\\Desktop\\In-class-work\\software-testing\\software-testing-mini-shop\\src\\utils\\calculateDiscount.js": {"lines":{"total":7,"covered":7,"skipped":0,"pct":100},"functions":{"total":1,"covered":1,"skipped":0,"pct":100},"statements":{"total":7,"covered":7,"skipped":0,"pct":100},"branches":{"total":3,"covered":3,"skipped":0,"pct":100}}
,"C:\\Users\\USER\\OneDrive\\Desktop\\In-class-work\\software-testing\\software-testing-mini-shop\\src\\utils\\calculateTotal.js": {"lines":{"total":9,"covered":9,"skipped":0,"pct":100},"functions":{"total":1,"covered":1,"skipped":0,"pct":100},"statements":{"total":9,"covered":9,"skipped":0,"pct":100},"branches":{"total":5,"covered":5,"skipped":0,"pct":100}}
,"C:\\Users\\USER\\OneDrive\\Desktop\\In-class-work\\software-testing\\software-testing-mini-shop\\src\\utils\\validators.js": {"lines":{"total":10,"covered":3,"skipped":0,"pct":30},"functions":{"total":2,"covered":0,"skipped":0,"pct":0},"statements":{"total":10,"covered":3,"skipped":0,"pct":30},"branches":{"total":0,"covered":0,"skipped":0,"pct":100}}
}
